Terminals unused in grammar

    ERROR


State 62 conflicts: 2 shift/reduce
State 65 conflicts: 2 shift/reduce
State 66 conflicts: 2 shift/reduce
State 86 conflicts: 2 shift/reduce
State 94 conflicts: 2 shift/reduce
State 95 conflicts: 2 shift/reduce
State 96 conflicts: 2 shift/reduce
State 97 conflicts: 2 shift/reduce
State 98 conflicts: 2 shift/reduce
State 99 conflicts: 2 shift/reduce
State 100 conflicts: 2 shift/reduce
State 134 conflicts: 9 shift/reduce


Grammar

    0 $accept: program $end

    1 program: class_list

    2 class_list: class
    3           | class_list class

    4 class: CLASS TYPEID '{' dummy_feature_list '}' ';'
    5      | CLASS TYPEID INHERITS TYPEID '{' dummy_feature_list '}' ';'
    6      | error ';'

    7 dummy_feature_list: %empty
    8                   | dummy_feature_list feature

    9 feature: OBJECTID '(' formal_list ')' ':' TYPEID '{' expression '}' ';'
   10        | OBJECTID ':' TYPEID optional_assign ';'
   11        | error ';'

   12 formal: OBJECTID ':' TYPEID

   13 formal_list: %empty
   14            | formal
   15            | formal_list ',' formal

   16 optional_assign: %empty
   17                | ASSIGN expression

   18 expression_list_1: %empty
   19                  | expression
   20                  | expression_list_1 ',' expression

   21 expression_list_2: expression ';'
   22                  | expression_list_2 expression ';'
   23                  | error ';'

   24 let: OBJECTID ':' TYPEID optional_assign IN expression
   25    | OBJECTID ':' TYPEID optional_assign ',' let
   26    | error ',' let

   27 case: OBJECTID ':' TYPEID DARROW expression ';'

   28 case_list: case
   29          | case_list case

   30 expression: OBJECTID ASSIGN expression
   31           | expression '@' TYPEID '.' OBJECTID '(' expression_list_1 ')'
   32           | expression '.' OBJECTID '(' expression_list_1 ')'
   33           | OBJECTID '(' expression_list_1 ')'
   34           | IF expression THEN expression ELSE expression FI
   35           | WHILE expression LOOP expression POOL
   36           | '{' expression_list_2 '}'
   37           | LET let
   38           | CASE expression OF case_list ESAC
   39           | NEW TYPEID
   40           | ISVOID expression
   41           | expression '+' expression
   42           | expression '-' expression
   43           | expression '*' expression
   44           | expression '/' expression
   45           | '~' expression
   46           | expression '<' expression
   47           | expression LE expression
   48           | expression '=' expression
   49           | NOT expression
   50           | '(' expression ')'
   51           | OBJECTID
   52           | INT_CONST
   53           | STR_CONST
   54           | BOOL_CONST


Terminals, with rules where they appear

    $end (0) 0
    '(' (40) 9 31 32 33 50
    ')' (41) 9 31 32 33 50
    '*' (42) 43
    '+' (43) 41
    ',' (44) 15 20 25 26
    '-' (45) 42
    '.' (46) 31 32
    '/' (47) 44
    ':' (58) 9 10 12 24 25 27
    ';' (59) 4 5 6 9 10 11 21 22 23 27
    '<' (60) 46
    '=' (61) 48
    '@' (64) 31
    '{' (123) 4 5 9 36
    '}' (125) 4 5 9 36
    '~' (126) 45
    error (256) 6 11 23 26
    CLASS (258) 4 5
    ELSE (259) 34
    FI (260) 34
    IF (261) 34
    IN (262) 24
    INHERITS (263) 5
    LET (264) 37
    LOOP (265) 35
    POOL (266) 35
    THEN (267) 34
    WHILE (268) 35
    CASE (269) 38
    ESAC (270) 38
    OF (271) 38
    DARROW (272) 27
    NEW (273) 39
    ISVOID (274) 40
    STR_CONST <symbol> (275) 53
    INT_CONST <symbol> (276) 52
    BOOL_CONST <boolean> (277) 54
    TYPEID <symbol> (278) 4 5 9 10 12 24 25 27 31 39
    OBJECTID <symbol> (279) 9 10 12 24 25 27 30 31 32 33 51
    ASSIGN (280) 17 30
    NOT (281) 49
    LE (282) 47
    ERROR (283)


Nonterminals, with rules where they appear

    $accept (45)
        on left: 0
    program <program> (46)
        on left: 1
        on right: 0
    class_list <classes> (47)
        on left: 2 3
        on right: 1 3
    class <class_> (48)
        on left: 4 5 6
        on right: 2 3
    dummy_feature_list <features> (49)
        on left: 7 8
        on right: 4 5 8
    feature <feature> (50)
        on left: 9 10 11
        on right: 8
    formal <formal> (51)
        on left: 12
        on right: 14 15
    formal_list <formals> (52)
        on left: 13 14 15
        on right: 9 15
    optional_assign <expression> (53)
        on left: 16 17
        on right: 10 24 25
    expression_list_1 <expressions> (54)
        on left: 18 19 20
        on right: 20 31 32 33
    expression_list_2 <expressions> (55)
        on left: 21 22 23
        on right: 22 36
    let <expression> (56)
        on left: 24 25 26
        on right: 25 26 37
    case <case_> (57)
        on left: 27
        on right: 28 29
    case_list <cases> (58)
        on left: 28 29
        on right: 29 38
    expression <expression> (59)
        on left: 30 31 32 33 34 35 36 37 38 39 40 41 42 43 44 45 46 47 48 49 50 51 52 53 54
        on right: 9 17 19 20 21 22 24 27 30 31 32 34 35 38 40 41 42 43 44 45 46 47 48 49 50


State 0

    0 $accept: . program $end

    error  shift, and go to state 1
    CLASS  shift, and go to state 2

    program     go to state 3
    class_list  go to state 4
    class       go to state 5


State 1

    6 class: error . ';'

    ';'  shift, and go to state 6


State 2

    4 class: CLASS . TYPEID '{' dummy_feature_list '}' ';'
    5      | CLASS . TYPEID INHERITS TYPEID '{' dummy_feature_list '}' ';'

    TYPEID  shift, and go to state 7


State 3

    0 $accept: program . $end

    $end  shift, and go to state 8


State 4

    1 program: class_list .
    3 class_list: class_list . class

    error  shift, and go to state 1
    CLASS  shift, and go to state 2

    $end  reduce using rule 1 (program)

    class  go to state 9


State 5

    2 class_list: class .

    $default  reduce using rule 2 (class_list)


State 6

    6 class: error ';' .

    $default  reduce using rule 6 (class)


State 7

    4 class: CLASS TYPEID . '{' dummy_feature_list '}' ';'
    5      | CLASS TYPEID . INHERITS TYPEID '{' dummy_feature_list '}' ';'

    INHERITS  shift, and go to state 10
    '{'       shift, and go to state 11


State 8

    0 $accept: program $end .

    $default  accept


State 9

    3 class_list: class_list class .

    $default  reduce using rule 3 (class_list)


State 10

    5 class: CLASS TYPEID INHERITS . TYPEID '{' dummy_feature_list '}' ';'

    TYPEID  shift, and go to state 12


State 11

    4 class: CLASS TYPEID '{' . dummy_feature_list '}' ';'

    $default  reduce using rule 7 (dummy_feature_list)

    dummy_feature_list  go to state 13


State 12

    5 class: CLASS TYPEID INHERITS TYPEID . '{' dummy_feature_list '}' ';'

    '{'  shift, and go to state 14


State 13

    4 class: CLASS TYPEID '{' dummy_feature_list . '}' ';'
    8 dummy_feature_list: dummy_feature_list . feature

    error     shift, and go to state 15
    OBJECTID  shift, and go to state 16
    '}'       shift, and go to state 17

    feature  go to state 18


State 14

    5 class: CLASS TYPEID INHERITS TYPEID '{' . dummy_feature_list '}' ';'

    $default  reduce using rule 7 (dummy_feature_list)

    dummy_feature_list  go to state 19


State 15

   11 feature: error . ';'

    ';'  shift, and go to state 20


State 16

    9 feature: OBJECTID . '(' formal_list ')' ':' TYPEID '{' expression '}' ';'
   10        | OBJECTID . ':' TYPEID optional_assign ';'

    '('  shift, and go to state 21
    ':'  shift, and go to state 22


State 17

    4 class: CLASS TYPEID '{' dummy_feature_list '}' . ';'

    ';'  shift, and go to state 23


State 18

    8 dummy_feature_list: dummy_feature_list feature .

    $default  reduce using rule 8 (dummy_feature_list)


State 19

    5 class: CLASS TYPEID INHERITS TYPEID '{' dummy_feature_list . '}' ';'
    8 dummy_feature_list: dummy_feature_list . feature

    error     shift, and go to state 15
    OBJECTID  shift, and go to state 16
    '}'       shift, and go to state 24

    feature  go to state 18


State 20

   11 feature: error ';' .

    $default  reduce using rule 11 (feature)


State 21

    9 feature: OBJECTID '(' . formal_list ')' ':' TYPEID '{' expression '}' ';'

    OBJECTID  shift, and go to state 25

    $default  reduce using rule 13 (formal_list)

    formal       go to state 26
    formal_list  go to state 27


State 22

   10 feature: OBJECTID ':' . TYPEID optional_assign ';'

    TYPEID  shift, and go to state 28


State 23

    4 class: CLASS TYPEID '{' dummy_feature_list '}' ';' .

    $default  reduce using rule 4 (class)


State 24

    5 class: CLASS TYPEID INHERITS TYPEID '{' dummy_feature_list '}' . ';'

    ';'  shift, and go to state 29


State 25

   12 formal: OBJECTID . ':' TYPEID

    ':'  shift, and go to state 30


State 26

   14 formal_list: formal .

    $default  reduce using rule 14 (formal_list)


State 27

    9 feature: OBJECTID '(' formal_list . ')' ':' TYPEID '{' expression '}' ';'
   15 formal_list: formal_list . ',' formal

    ')'  shift, and go to state 31
    ','  shift, and go to state 32


State 28

   10 feature: OBJECTID ':' TYPEID . optional_assign ';'

    ASSIGN  shift, and go to state 33

    $default  reduce using rule 16 (optional_assign)

    optional_assign  go to state 34


State 29

    5 class: CLASS TYPEID INHERITS TYPEID '{' dummy_feature_list '}' ';' .

    $default  reduce using rule 5 (class)


State 30

   12 formal: OBJECTID ':' . TYPEID

    TYPEID  shift, and go to state 35


State 31

    9 feature: OBJECTID '(' formal_list ')' . ':' TYPEID '{' expression '}' ';'

    ':'  shift, and go to state 36


State 32

   15 formal_list: formal_list ',' . formal

    OBJECTID  shift, and go to state 25

    formal  go to state 37


State 33

   17 optional_assign: ASSIGN . expression

    IF          shift, and go to state 38
    LET         shift, and go to state 39
    WHILE       shift, and go to state 40
    CASE        shift, and go to state 41
    NEW         shift, and go to state 42
    ISVOID      shift, and go to state 43
    STR_CONST   shift, and go to state 44
    INT_CONST   shift, and go to state 45
    BOOL_CONST  shift, and go to state 46
    OBJECTID    shift, and go to state 47
    NOT         shift, and go to state 48
    '~'         shift, and go to state 49
    '{'         shift, and go to state 50
    '('         shift, and go to state 51

    expression  go to state 52


State 34

   10 feature: OBJECTID ':' TYPEID optional_assign . ';'

    ';'  shift, and go to state 53


State 35

   12 formal: OBJECTID ':' TYPEID .

    $default  reduce using rule 12 (formal)


State 36

    9 feature: OBJECTID '(' formal_list ')' ':' . TYPEID '{' expression '}' ';'

    TYPEID  shift, and go to state 54


State 37

   15 formal_list: formal_list ',' formal .

    $default  reduce using rule 15 (formal_list)


State 38

   34 expression: IF . expression THEN expression ELSE expression FI

    IF          shift, and go to state 38
    LET         shift, and go to state 39
    WHILE       shift, and go to state 40
    CASE        shift, and go to state 41
    NEW         shift, and go to state 42
    ISVOID      shift, and go to state 43
    STR_CONST   shift, and go to state 44
    INT_CONST   shift, and go to state 45
    BOOL_CONST  shift, and go to state 46
    OBJECTID    shift, and go to state 47
    NOT         shift, and go to state 48
    '~'         shift, and go to state 49
    '{'         shift, and go to state 50
    '('         shift, and go to state 51

    expression  go to state 55


State 39

   37 expression: LET . let

    error     shift, and go to state 56
    OBJECTID  shift, and go to state 57

    let  go to state 58


State 40

   35 expression: WHILE . expression LOOP expression POOL

    IF          shift, and go to state 38
    LET         shift, and go to state 39
    WHILE       shift, and go to state 40
    CASE        shift, and go to state 41
    NEW         shift, and go to state 42
    ISVOID      shift, and go to state 43
    STR_CONST   shift, and go to state 44
    INT_CONST   shift, and go to state 45
    BOOL_CONST  shift, and go to state 46
    OBJECTID    shift, and go to state 47
    NOT         shift, and go to state 48
    '~'         shift, and go to state 49
    '{'         shift, and go to state 50
    '('         shift, and go to state 51

    expression  go to state 59


State 41

   38 expression: CASE . expression OF case_list ESAC

    IF          shift, and go to state 38
    LET         shift, and go to state 39
    WHILE       shift, and go to state 40
    CASE        shift, and go to state 41
    NEW         shift, and go to state 42
    ISVOID      shift, and go to state 43
    STR_CONST   shift, and go to state 44
    INT_CONST   shift, and go to state 45
    BOOL_CONST  shift, and go to state 46
    OBJECTID    shift, and go to state 47
    NOT         shift, and go to state 48
    '~'         shift, and go to state 49
    '{'         shift, and go to state 50
    '('         shift, and go to state 51

    expression  go to state 60


State 42

   39 expression: NEW . TYPEID

    TYPEID  shift, and go to state 61


State 43

   40 expression: ISVOID . expression

    IF          shift, and go to state 38
    LET         shift, and go to state 39
    WHILE       shift, and go to state 40
    CASE        shift, and go to state 41
    NEW         shift, and go to state 42
    ISVOID      shift, and go to state 43
    STR_CONST   shift, and go to state 44
    INT_CONST   shift, and go to state 45
    BOOL_CONST  shift, and go to state 46
    OBJECTID    shift, and go to state 47
    NOT         shift, and go to state 48
    '~'         shift, and go to state 49
    '{'         shift, and go to state 50
    '('         shift, and go to state 51

    expression  go to state 62


State 44

   53 expression: STR_CONST .

    $default  reduce using rule 53 (expression)


State 45

   52 expression: INT_CONST .

    $default  reduce using rule 52 (expression)


State 46

   54 expression: BOOL_CONST .

    $default  reduce using rule 54 (expression)


State 47

   30 expression: OBJECTID . ASSIGN expression
   33           | OBJECTID . '(' expression_list_1 ')'
   51           | OBJECTID .

    ASSIGN  shift, and go to state 63
    '('     shift, and go to state 64

    $default  reduce using rule 51 (expression)


State 48

   49 expression: NOT . expression

    IF          shift, and go to state 38
    LET         shift, and go to state 39
    WHILE       shift, and go to state 40
    CASE        shift, and go to state 41
    NEW         shift, and go to state 42
    ISVOID      shift, and go to state 43
    STR_CONST   shift, and go to state 44
    INT_CONST   shift, and go to state 45
    BOOL_CONST  shift, and go to state 46
    OBJECTID    shift, and go to state 47
    NOT         shift, and go to state 48
    '~'         shift, and go to state 49
    '{'         shift, and go to state 50
    '('         shift, and go to state 51

    expression  go to state 65


State 49

   45 expression: '~' . expression

    IF          shift, and go to state 38
    LET         shift, and go to state 39
    WHILE       shift, and go to state 40
    CASE        shift, and go to state 41
    NEW         shift, and go to state 42
    ISVOID      shift, and go to state 43
    STR_CONST   shift, and go to state 44
    INT_CONST   shift, and go to state 45
    BOOL_CONST  shift, and go to state 46
    OBJECTID    shift, and go to state 47
    NOT         shift, and go to state 48
    '~'         shift, and go to state 49
    '{'         shift, and go to state 50
    '('         shift, and go to state 51

    expression  go to state 66


State 50

   36 expression: '{' . expression_list_2 '}'

    error       shift, and go to state 67
    IF          shift, and go to state 38
    LET         shift, and go to state 39
    WHILE       shift, and go to state 40
    CASE        shift, and go to state 41
    NEW         shift, and go to state 42
    ISVOID      shift, and go to state 43
    STR_CONST   shift, and go to state 44
    INT_CONST   shift, and go to state 45
    BOOL_CONST  shift, and go to state 46
    OBJECTID    shift, and go to state 47
    NOT         shift, and go to state 48
    '~'         shift, and go to state 49
    '{'         shift, and go to state 50
    '('         shift, and go to state 51

    expression_list_2  go to state 68
    expression         go to state 69


State 51

   50 expression: '(' . expression ')'

    IF          shift, and go to state 38
    LET         shift, and go to state 39
    WHILE       shift, and go to state 40
    CASE        shift, and go to state 41
    NEW         shift, and go to state 42
    ISVOID      shift, and go to state 43
    STR_CONST   shift, and go to state 44
    INT_CONST   shift, and go to state 45
    BOOL_CONST  shift, and go to state 46
    OBJECTID    shift, and go to state 47
    NOT         shift, and go to state 48
    '~'         shift, and go to state 49
    '{'         shift, and go to state 50
    '('         shift, and go to state 51

    expression  go to state 70


State 52

   17 optional_assign: ASSIGN expression .
   31 expression: expression . '@' TYPEID '.' OBJECTID '(' expression_list_1 ')'
   32           | expression . '.' OBJECTID '(' expression_list_1 ')'
   41           | expression . '+' expression
   42           | expression . '-' expression
   43           | expression . '*' expression
   44           | expression . '/' expression
   46           | expression . '<' expression
   47           | expression . LE expression
   48           | expression . '=' expression

    LE   shift, and go to state 71
    '='  shift, and go to state 72
    '<'  shift, and go to state 73
    '+'  shift, and go to state 74
    '-'  shift, and go to state 75
    '*'  shift, and go to state 76
    '/'  shift, and go to state 77
    '@'  shift, and go to state 78
    '.'  shift, and go to state 79

    $default  reduce using rule 17 (optional_assign)


State 53

   10 feature: OBJECTID ':' TYPEID optional_assign ';' .

    $default  reduce using rule 10 (feature)


State 54

    9 feature: OBJECTID '(' formal_list ')' ':' TYPEID . '{' expression '}' ';'

    '{'  shift, and go to state 80


State 55

   31 expression: expression . '@' TYPEID '.' OBJECTID '(' expression_list_1 ')'
   32           | expression . '.' OBJECTID '(' expression_list_1 ')'
   34           | IF expression . THEN expression ELSE expression FI
   41           | expression . '+' expression
   42           | expression . '-' expression
   43           | expression . '*' expression
   44           | expression . '/' expression
   46           | expression . '<' expression
   47           | expression . LE expression
   48           | expression . '=' expression

    THEN  shift, and go to state 81
    LE    shift, and go to state 71
    '='   shift, and go to state 72
    '<'   shift, and go to state 73
    '+'   shift, and go to state 74
    '-'   shift, and go to state 75
    '*'   shift, and go to state 76
    '/'   shift, and go to state 77
    '@'   shift, and go to state 78
    '.'   shift, and go to state 79


State 56

   26 let: error . ',' let

    ','  shift, and go to state 82


State 57

   24 let: OBJECTID . ':' TYPEID optional_assign IN expression
   25    | OBJECTID . ':' TYPEID optional_assign ',' let

    ':'  shift, and go to state 83


State 58

   37 expression: LET let .

    $default  reduce using rule 37 (expression)


State 59

   31 expression: expression . '@' TYPEID '.' OBJECTID '(' expression_list_1 ')'
   32           | expression . '.' OBJECTID '(' expression_list_1 ')'
   35           | WHILE expression . LOOP expression POOL
   41           | expression . '+' expression
   42           | expression . '-' expression
   43           | expression . '*' expression
   44           | expression . '/' expression
   46           | expression . '<' expression
   47           | expression . LE expression
   48           | expression . '=' expression

    LOOP  shift, and go to state 84
    LE    shift, and go to state 71
    '='   shift, and go to state 72
    '<'   shift, and go to state 73
    '+'   shift, and go to state 74
    '-'   shift, and go to state 75
    '*'   shift, and go to state 76
    '/'   shift, and go to state 77
    '@'   shift, and go to state 78
    '.'   shift, and go to state 79


State 60

   31 expression: expression . '@' TYPEID '.' OBJECTID '(' expression_list_1 ')'
   32           | expression . '.' OBJECTID '(' expression_list_1 ')'
   38           | CASE expression . OF case_list ESAC
   41           | expression . '+' expression
   42           | expression . '-' expression
   43           | expression . '*' expression
   44           | expression . '/' expression
   46           | expression . '<' expression
   47           | expression . LE expression
   48           | expression . '=' expression

    OF   shift, and go to state 85
    LE   shift, and go to state 71
    '='  shift, and go to state 72
    '<'  shift, and go to state 73
    '+'  shift, and go to state 74
    '-'  shift, and go to state 75
    '*'  shift, and go to state 76
    '/'  shift, and go to state 77
    '@'  shift, and go to state 78
    '.'  shift, and go to state 79


State 61

   39 expression: NEW TYPEID .

    $default  reduce using rule 39 (expression)


State 62

   31 expression: expression . '@' TYPEID '.' OBJECTID '(' expression_list_1 ')'
   32           | expression . '.' OBJECTID '(' expression_list_1 ')'
   40           | ISVOID expression .
   41           | expression . '+' expression
   42           | expression . '-' expression
   43           | expression . '*' expression
   44           | expression . '/' expression
   46           | expression . '<' expression
   47           | expression . LE expression
   48           | expression . '=' expression

    '@'  shift, and go to state 78
    '.'  shift, and go to state 79

    '@'       [reduce using rule 40 (expression)]
    '.'       [reduce using rule 40 (expression)]
    $default  reduce using rule 40 (expression)


State 63

   30 expression: OBJECTID ASSIGN . expression

    IF          shift, and go to state 38
    LET         shift, and go to state 39
    WHILE       shift, and go to state 40
    CASE        shift, and go to state 41
    NEW         shift, and go to state 42
    ISVOID      shift, and go to state 43
    STR_CONST   shift, and go to state 44
    INT_CONST   shift, and go to state 45
    BOOL_CONST  shift, and go to state 46
    OBJECTID    shift, and go to state 47
    NOT         shift, and go to state 48
    '~'         shift, and go to state 49
    '{'         shift, and go to state 50
    '('         shift, and go to state 51

    expression  go to state 86


State 64

   33 expression: OBJECTID '(' . expression_list_1 ')'

    IF          shift, and go to state 38
    LET         shift, and go to state 39
    WHILE       shift, and go to state 40
    CASE        shift, and go to state 41
    NEW         shift, and go to state 42
    ISVOID      shift, and go to state 43
    STR_CONST   shift, and go to state 44
    INT_CONST   shift, and go to state 45
    BOOL_CONST  shift, and go to state 46
    OBJECTID    shift, and go to state 47
    NOT         shift, and go to state 48
    '~'         shift, and go to state 49
    '{'         shift, and go to state 50
    '('         shift, and go to state 51

    $default  reduce using rule 18 (expression_list_1)

    expression_list_1  go to state 87
    expression         go to state 88


State 65

   31 expression: expression . '@' TYPEID '.' OBJECTID '(' expression_list_1 ')'
   32           | expression . '.' OBJECTID '(' expression_list_1 ')'
   41           | expression . '+' expression
   42           | expression . '-' expression
   43           | expression . '*' expression
   44           | expression . '/' expression
   46           | expression . '<' expression
   47           | expression . LE expression
   48           | expression . '=' expression
   49           | NOT expression .

    LE   shift, and go to state 71
    '='  shift, and go to state 72
    '<'  shift, and go to state 73
    '+'  shift, and go to state 74
    '-'  shift, and go to state 75
    '*'  shift, and go to state 76
    '/'  shift, and go to state 77
    '@'  shift, and go to state 78
    '.'  shift, and go to state 79

    '@'       [reduce using rule 49 (expression)]
    '.'       [reduce using rule 49 (expression)]
    $default  reduce using rule 49 (expression)


State 66

   31 expression: expression . '@' TYPEID '.' OBJECTID '(' expression_list_1 ')'
   32           | expression . '.' OBJECTID '(' expression_list_1 ')'
   41           | expression . '+' expression
   42           | expression . '-' expression
   43           | expression . '*' expression
   44           | expression . '/' expression
   45           | '~' expression .
   46           | expression . '<' expression
   47           | expression . LE expression
   48           | expression . '=' expression

    '@'  shift, and go to state 78
    '.'  shift, and go to state 79

    '@'       [reduce using rule 45 (expression)]
    '.'       [reduce using rule 45 (expression)]
    $default  reduce using rule 45 (expression)


State 67

   23 expression_list_2: error . ';'

    ';'  shift, and go to state 89


State 68

   22 expression_list_2: expression_list_2 . expression ';'
   36 expression: '{' expression_list_2 . '}'

    IF          shift, and go to state 38
    LET         shift, and go to state 39
    WHILE       shift, and go to state 40
    CASE        shift, and go to state 41
    NEW         shift, and go to state 42
    ISVOID      shift, and go to state 43
    STR_CONST   shift, and go to state 44
    INT_CONST   shift, and go to state 45
    BOOL_CONST  shift, and go to state 46
    OBJECTID    shift, and go to state 47
    NOT         shift, and go to state 48
    '~'         shift, and go to state 49
    '{'         shift, and go to state 50
    '}'         shift, and go to state 90
    '('         shift, and go to state 51

    expression  go to state 91


State 69

   21 expression_list_2: expression . ';'
   31 expression: expression . '@' TYPEID '.' OBJECTID '(' expression_list_1 ')'
   32           | expression . '.' OBJECTID '(' expression_list_1 ')'
   41           | expression . '+' expression
   42           | expression . '-' expression
   43           | expression . '*' expression
   44           | expression . '/' expression
   46           | expression . '<' expression
   47           | expression . LE expression
   48           | expression . '=' expression

    LE   shift, and go to state 71
    '='  shift, and go to state 72
    '<'  shift, and go to state 73
    '+'  shift, and go to state 74
    '-'  shift, and go to state 75
    '*'  shift, and go to state 76
    '/'  shift, and go to state 77
    ';'  shift, and go to state 92
    '@'  shift, and go to state 78
    '.'  shift, and go to state 79


State 70

   31 expression: expression . '@' TYPEID '.' OBJECTID '(' expression_list_1 ')'
   32           | expression . '.' OBJECTID '(' expression_list_1 ')'
   41           | expression . '+' expression
   42           | expression . '-' expression
   43           | expression . '*' expression
   44           | expression . '/' expression
   46           | expression . '<' expression
   47           | expression . LE expression
   48           | expression . '=' expression
   50           | '(' expression . ')'

    LE   shift, and go to state 71
    '='  shift, and go to state 72
    '<'  shift, and go to state 73
    '+'  shift, and go to state 74
    '-'  shift, and go to state 75
    '*'  shift, and go to state 76
    '/'  shift, and go to state 77
    ')'  shift, and go to state 93
    '@'  shift, and go to state 78
    '.'  shift, and go to state 79


State 71

   47 expression: expression LE . expression

    IF          shift, and go to state 38
    LET         shift, and go to state 39
    WHILE       shift, and go to state 40
    CASE        shift, and go to state 41
    NEW         shift, and go to state 42
    ISVOID      shift, and go to state 43
    STR_CONST   shift, and go to state 44
    INT_CONST   shift, and go to state 45
    BOOL_CONST  shift, and go to state 46
    OBJECTID    shift, and go to state 47
    NOT         shift, and go to state 48
    '~'         shift, and go to state 49
    '{'         shift, and go to state 50
    '('         shift, and go to state 51

    expression  go to state 94


State 72

   48 expression: expression '=' . expression

    IF          shift, and go to state 38
    LET         shift, and go to state 39
    WHILE       shift, and go to state 40
    CASE        shift, and go to state 41
    NEW         shift, and go to state 42
    ISVOID      shift, and go to state 43
    STR_CONST   shift, and go to state 44
    INT_CONST   shift, and go to state 45
    BOOL_CONST  shift, and go to state 46
    OBJECTID    shift, and go to state 47
    NOT         shift, and go to state 48
    '~'         shift, and go to state 49
    '{'         shift, and go to state 50
    '('         shift, and go to state 51

    expression  go to state 95


State 73

   46 expression: expression '<' . expression

    IF          shift, and go to state 38
    LET         shift, and go to state 39
    WHILE       shift, and go to state 40
    CASE        shift, and go to state 41
    NEW         shift, and go to state 42
    ISVOID      shift, and go to state 43
    STR_CONST   shift, and go to state 44
    INT_CONST   shift, and go to state 45
    BOOL_CONST  shift, and go to state 46
    OBJECTID    shift, and go to state 47
    NOT         shift, and go to state 48
    '~'         shift, and go to state 49
    '{'         shift, and go to state 50
    '('         shift, and go to state 51

    expression  go to state 96


State 74

   41 expression: expression '+' . expression

    IF          shift, and go to state 38
    LET         shift, and go to state 39
    WHILE       shift, and go to state 40
    CASE        shift, and go to state 41
    NEW         shift, and go to state 42
    ISVOID      shift, and go to state 43
    STR_CONST   shift, and go to state 44
    INT_CONST   shift, and go to state 45
    BOOL_CONST  shift, and go to state 46
    OBJECTID    shift, and go to state 47
    NOT         shift, and go to state 48
    '~'         shift, and go to state 49
    '{'         shift, and go to state 50
    '('         shift, and go to state 51

    expression  go to state 97


State 75

   42 expression: expression '-' . expression

    IF          shift, and go to state 38
    LET         shift, and go to state 39
    WHILE       shift, and go to state 40
    CASE        shift, and go to state 41
    NEW         shift, and go to state 42
    ISVOID      shift, and go to state 43
    STR_CONST   shift, and go to state 44
    INT_CONST   shift, and go to state 45
    BOOL_CONST  shift, and go to state 46
    OBJECTID    shift, and go to state 47
    NOT         shift, and go to state 48
    '~'         shift, and go to state 49
    '{'         shift, and go to state 50
    '('         shift, and go to state 51

    expression  go to state 98


State 76

   43 expression: expression '*' . expression

    IF          shift, and go to state 38
    LET         shift, and go to state 39
    WHILE       shift, and go to state 40
    CASE        shift, and go to state 41
    NEW         shift, and go to state 42
    ISVOID      shift, and go to state 43
    STR_CONST   shift, and go to state 44
    INT_CONST   shift, and go to state 45
    BOOL_CONST  shift, and go to state 46
    OBJECTID    shift, and go to state 47
    NOT         shift, and go to state 48
    '~'         shift, and go to state 49
    '{'         shift, and go to state 50
    '('         shift, and go to state 51

    expression  go to state 99


State 77

   44 expression: expression '/' . expression

    IF          shift, and go to state 38
    LET         shift, and go to state 39
    WHILE       shift, and go to state 40
    CASE        shift, and go to state 41
    NEW         shift, and go to state 42
    ISVOID      shift, and go to state 43
    STR_CONST   shift, and go to state 44
    INT_CONST   shift, and go to state 45
    BOOL_CONST  shift, and go to state 46
    OBJECTID    shift, and go to state 47
    NOT         shift, and go to state 48
    '~'         shift, and go to state 49
    '{'         shift, and go to state 50
    '('         shift, and go to state 51

    expression  go to state 100


State 78

   31 expression: expression '@' . TYPEID '.' OBJECTID '(' expression_list_1 ')'

    TYPEID  shift, and go to state 101


State 79

   32 expression: expression '.' . OBJECTID '(' expression_list_1 ')'

    OBJECTID  shift, and go to state 102


State 80

    9 feature: OBJECTID '(' formal_list ')' ':' TYPEID '{' . expression '}' ';'

    IF          shift, and go to state 38
    LET         shift, and go to state 39
    WHILE       shift, and go to state 40
    CASE        shift, and go to state 41
    NEW         shift, and go to state 42
    ISVOID      shift, and go to state 43
    STR_CONST   shift, and go to state 44
    INT_CONST   shift, and go to state 45
    BOOL_CONST  shift, and go to state 46
    OBJECTID    shift, and go to state 47
    NOT         shift, and go to state 48
    '~'         shift, and go to state 49
    '{'         shift, and go to state 50
    '('         shift, and go to state 51

    expression  go to state 103


State 81

   34 expression: IF expression THEN . expression ELSE expression FI

    IF          shift, and go to state 38
    LET         shift, and go to state 39
    WHILE       shift, and go to state 40
    CASE        shift, and go to state 41
    NEW         shift, and go to state 42
    ISVOID      shift, and go to state 43
    STR_CONST   shift, and go to state 44
    INT_CONST   shift, and go to state 45
    BOOL_CONST  shift, and go to state 46
    OBJECTID    shift, and go to state 47
    NOT         shift, and go to state 48
    '~'         shift, and go to state 49
    '{'         shift, and go to state 50
    '('         shift, and go to state 51

    expression  go to state 104


State 82

   26 let: error ',' . let

    error     shift, and go to state 56
    OBJECTID  shift, and go to state 57

    let  go to state 105


State 83

   24 let: OBJECTID ':' . TYPEID optional_assign IN expression
   25    | OBJECTID ':' . TYPEID optional_assign ',' let

    TYPEID  shift, and go to state 106


State 84

   35 expression: WHILE expression LOOP . expression POOL

    IF          shift, and go to state 38
    LET         shift, and go to state 39
    WHILE       shift, and go to state 40
    CASE        shift, and go to state 41
    NEW         shift, and go to state 42
    ISVOID      shift, and go to state 43
    STR_CONST   shift, and go to state 44
    INT_CONST   shift, and go to state 45
    BOOL_CONST  shift, and go to state 46
    OBJECTID    shift, and go to state 47
    NOT         shift, and go to state 48
    '~'         shift, and go to state 49
    '{'         shift, and go to state 50
    '('         shift, and go to state 51

    expression  go to state 107


State 85

   38 expression: CASE expression OF . case_list ESAC

    OBJECTID  shift, and go to state 108

    case       go to state 109
    case_list  go to state 110


State 86

   30 expression: OBJECTID ASSIGN expression .
   31           | expression . '@' TYPEID '.' OBJECTID '(' expression_list_1 ')'
   32           | expression . '.' OBJECTID '(' expression_list_1 ')'
   41           | expression . '+' expression
   42           | expression . '-' expression
   43           | expression . '*' expression
   44           | expression . '/' expression
   46           | expression . '<' expression
   47           | expression . LE expression
   48           | expression . '=' expression

    LE   shift, and go to state 71
    '='  shift, and go to state 72
    '<'  shift, and go to state 73
    '+'  shift, and go to state 74
    '-'  shift, and go to state 75
    '*'  shift, and go to state 76
    '/'  shift, and go to state 77
    '@'  shift, and go to state 78
    '.'  shift, and go to state 79

    '@'       [reduce using rule 30 (expression)]
    '.'       [reduce using rule 30 (expression)]
    $default  reduce using rule 30 (expression)


State 87

   20 expression_list_1: expression_list_1 . ',' expression
   33 expression: OBJECTID '(' expression_list_1 . ')'

    ')'  shift, and go to state 111
    ','  shift, and go to state 112


State 88

   19 expression_list_1: expression .
   31 expression: expression . '@' TYPEID '.' OBJECTID '(' expression_list_1 ')'
   32           | expression . '.' OBJECTID '(' expression_list_1 ')'
   41           | expression . '+' expression
   42           | expression . '-' expression
   43           | expression . '*' expression
   44           | expression . '/' expression
   46           | expression . '<' expression
   47           | expression . LE expression
   48           | expression . '=' expression

    LE   shift, and go to state 71
    '='  shift, and go to state 72
    '<'  shift, and go to state 73
    '+'  shift, and go to state 74
    '-'  shift, and go to state 75
    '*'  shift, and go to state 76
    '/'  shift, and go to state 77
    '@'  shift, and go to state 78
    '.'  shift, and go to state 79

    $default  reduce using rule 19 (expression_list_1)


State 89

   23 expression_list_2: error ';' .

    $default  reduce using rule 23 (expression_list_2)


State 90

   36 expression: '{' expression_list_2 '}' .

    $default  reduce using rule 36 (expression)


State 91

   22 expression_list_2: expression_list_2 expression . ';'
   31 expression: expression . '@' TYPEID '.' OBJECTID '(' expression_list_1 ')'
   32           | expression . '.' OBJECTID '(' expression_list_1 ')'
   41           | expression . '+' expression
   42           | expression . '-' expression
   43           | expression . '*' expression
   44           | expression . '/' expression
   46           | expression . '<' expression
   47           | expression . LE expression
   48           | expression . '=' expression

    LE   shift, and go to state 71
    '='  shift, and go to state 72
    '<'  shift, and go to state 73
    '+'  shift, and go to state 74
    '-'  shift, and go to state 75
    '*'  shift, and go to state 76
    '/'  shift, and go to state 77
    ';'  shift, and go to state 113
    '@'  shift, and go to state 78
    '.'  shift, and go to state 79


State 92

   21 expression_list_2: expression ';' .

    $default  reduce using rule 21 (expression_list_2)


State 93

   50 expression: '(' expression ')' .

    $default  reduce using rule 50 (expression)


State 94

   31 expression: expression . '@' TYPEID '.' OBJECTID '(' expression_list_1 ')'
   32           | expression . '.' OBJECTID '(' expression_list_1 ')'
   41           | expression . '+' expression
   42           | expression . '-' expression
   43           | expression . '*' expression
   44           | expression . '/' expression
   46           | expression . '<' expression
   47           | expression . LE expression
   47           | expression LE expression .
   48           | expression . '=' expression

    '+'  shift, and go to state 74
    '-'  shift, and go to state 75
    '*'  shift, and go to state 76
    '/'  shift, and go to state 77
    '@'  shift, and go to state 78
    '.'  shift, and go to state 79

    LE   error (nonassociative)
    '='  error (nonassociative)
    '<'  error (nonassociative)

    '@'       [reduce using rule 47 (expression)]
    '.'       [reduce using rule 47 (expression)]
    $default  reduce using rule 47 (expression)


State 95

   31 expression: expression . '@' TYPEID '.' OBJECTID '(' expression_list_1 ')'
   32           | expression . '.' OBJECTID '(' expression_list_1 ')'
   41           | expression . '+' expression
   42           | expression . '-' expression
   43           | expression . '*' expression
   44           | expression . '/' expression
   46           | expression . '<' expression
   47           | expression . LE expression
   48           | expression . '=' expression
   48           | expression '=' expression .

    '+'  shift, and go to state 74
    '-'  shift, and go to state 75
    '*'  shift, and go to state 76
    '/'  shift, and go to state 77
    '@'  shift, and go to state 78
    '.'  shift, and go to state 79

    LE   error (nonassociative)
    '='  error (nonassociative)
    '<'  error (nonassociative)

    '@'       [reduce using rule 48 (expression)]
    '.'       [reduce using rule 48 (expression)]
    $default  reduce using rule 48 (expression)


State 96

   31 expression: expression . '@' TYPEID '.' OBJECTID '(' expression_list_1 ')'
   32           | expression . '.' OBJECTID '(' expression_list_1 ')'
   41           | expression . '+' expression
   42           | expression . '-' expression
   43           | expression . '*' expression
   44           | expression . '/' expression
   46           | expression . '<' expression
   46           | expression '<' expression .
   47           | expression . LE expression
   48           | expression . '=' expression

    '+'  shift, and go to state 74
    '-'  shift, and go to state 75
    '*'  shift, and go to state 76
    '/'  shift, and go to state 77
    '@'  shift, and go to state 78
    '.'  shift, and go to state 79

    LE   error (nonassociative)
    '='  error (nonassociative)
    '<'  error (nonassociative)

    '@'       [reduce using rule 46 (expression)]
    '.'       [reduce using rule 46 (expression)]
    $default  reduce using rule 46 (expression)


State 97

   31 expression: expression . '@' TYPEID '.' OBJECTID '(' expression_list_1 ')'
   32           | expression . '.' OBJECTID '(' expression_list_1 ')'
   41           | expression . '+' expression
   41           | expression '+' expression .
   42           | expression . '-' expression
   43           | expression . '*' expression
   44           | expression . '/' expression
   46           | expression . '<' expression
   47           | expression . LE expression
   48           | expression . '=' expression

    '*'  shift, and go to state 76
    '/'  shift, and go to state 77
    '@'  shift, and go to state 78
    '.'  shift, and go to state 79

    '@'       [reduce using rule 41 (expression)]
    '.'       [reduce using rule 41 (expression)]
    $default  reduce using rule 41 (expression)


State 98

   31 expression: expression . '@' TYPEID '.' OBJECTID '(' expression_list_1 ')'
   32           | expression . '.' OBJECTID '(' expression_list_1 ')'
   41           | expression . '+' expression
   42           | expression . '-' expression
   42           | expression '-' expression .
   43           | expression . '*' expression
   44           | expression . '/' expression
   46           | expression . '<' expression
   47           | expression . LE expression
   48           | expression . '=' expression

    '*'  shift, and go to state 76
    '/'  shift, and go to state 77
    '@'  shift, and go to state 78
    '.'  shift, and go to state 79

    '@'       [reduce using rule 42 (expression)]
    '.'       [reduce using rule 42 (expression)]
    $default  reduce using rule 42 (expression)


State 99

   31 expression: expression . '@' TYPEID '.' OBJECTID '(' expression_list_1 ')'
   32           | expression . '.' OBJECTID '(' expression_list_1 ')'
   41           | expression . '+' expression
   42           | expression . '-' expression
   43           | expression . '*' expression
   43           | expression '*' expression .
   44           | expression . '/' expression
   46           | expression . '<' expression
   47           | expression . LE expression
   48           | expression . '=' expression

    '@'  shift, and go to state 78
    '.'  shift, and go to state 79

    '@'       [reduce using rule 43 (expression)]
    '.'       [reduce using rule 43 (expression)]
    $default  reduce using rule 43 (expression)


State 100

   31 expression: expression . '@' TYPEID '.' OBJECTID '(' expression_list_1 ')'
   32           | expression . '.' OBJECTID '(' expression_list_1 ')'
   41           | expression . '+' expression
   42           | expression . '-' expression
   43           | expression . '*' expression
   44           | expression . '/' expression
   44           | expression '/' expression .
   46           | expression . '<' expression
   47           | expression . LE expression
   48           | expression . '=' expression

    '@'  shift, and go to state 78
    '.'  shift, and go to state 79

    '@'       [reduce using rule 44 (expression)]
    '.'       [reduce using rule 44 (expression)]
    $default  reduce using rule 44 (expression)


State 101

   31 expression: expression '@' TYPEID . '.' OBJECTID '(' expression_list_1 ')'

    '.'  shift, and go to state 114


State 102

   32 expression: expression '.' OBJECTID . '(' expression_list_1 ')'

    '('  shift, and go to state 115


State 103

    9 feature: OBJECTID '(' formal_list ')' ':' TYPEID '{' expression . '}' ';'
   31 expression: expression . '@' TYPEID '.' OBJECTID '(' expression_list_1 ')'
   32           | expression . '.' OBJECTID '(' expression_list_1 ')'
   41           | expression . '+' expression
   42           | expression . '-' expression
   43           | expression . '*' expression
   44           | expression . '/' expression
   46           | expression . '<' expression
   47           | expression . LE expression
   48           | expression . '=' expression

    LE   shift, and go to state 71
    '='  shift, and go to state 72
    '<'  shift, and go to state 73
    '+'  shift, and go to state 74
    '-'  shift, and go to state 75
    '*'  shift, and go to state 76
    '/'  shift, and go to state 77
    '}'  shift, and go to state 116
    '@'  shift, and go to state 78
    '.'  shift, and go to state 79


State 104

   31 expression: expression . '@' TYPEID '.' OBJECTID '(' expression_list_1 ')'
   32           | expression . '.' OBJECTID '(' expression_list_1 ')'
   34           | IF expression THEN expression . ELSE expression FI
   41           | expression . '+' expression
   42           | expression . '-' expression
   43           | expression . '*' expression
   44           | expression . '/' expression
   46           | expression . '<' expression
   47           | expression . LE expression
   48           | expression . '=' expression

    ELSE  shift, and go to state 117
    LE    shift, and go to state 71
    '='   shift, and go to state 72
    '<'   shift, and go to state 73
    '+'   shift, and go to state 74
    '-'   shift, and go to state 75
    '*'   shift, and go to state 76
    '/'   shift, and go to state 77
    '@'   shift, and go to state 78
    '.'   shift, and go to state 79


State 105

   26 let: error ',' let .

    $default  reduce using rule 26 (let)


State 106

   24 let: OBJECTID ':' TYPEID . optional_assign IN expression
   25    | OBJECTID ':' TYPEID . optional_assign ',' let

    ASSIGN  shift, and go to state 33

    $default  reduce using rule 16 (optional_assign)

    optional_assign  go to state 118


State 107

   31 expression: expression . '@' TYPEID '.' OBJECTID '(' expression_list_1 ')'
   32           | expression . '.' OBJECTID '(' expression_list_1 ')'
   35           | WHILE expression LOOP expression . POOL
   41           | expression . '+' expression
   42           | expression . '-' expression
   43           | expression . '*' expression
   44           | expression . '/' expression
   46           | expression . '<' expression
   47           | expression . LE expression
   48           | expression . '=' expression

    POOL  shift, and go to state 119
    LE    shift, and go to state 71
    '='   shift, and go to state 72
    '<'   shift, and go to state 73
    '+'   shift, and go to state 74
    '-'   shift, and go to state 75
    '*'   shift, and go to state 76
    '/'   shift, and go to state 77
    '@'   shift, and go to state 78
    '.'   shift, and go to state 79


State 108

   27 case: OBJECTID . ':' TYPEID DARROW expression ';'

    ':'  shift, and go to state 120


State 109

   28 case_list: case .

    $default  reduce using rule 28 (case_list)


State 110

   29 case_list: case_list . case
   38 expression: CASE expression OF case_list . ESAC

    ESAC      shift, and go to state 121
    OBJECTID  shift, and go to state 108

    case  go to state 122


State 111

   33 expression: OBJECTID '(' expression_list_1 ')' .

    $default  reduce using rule 33 (expression)


State 112

   20 expression_list_1: expression_list_1 ',' . expression

    IF          shift, and go to state 38
    LET         shift, and go to state 39
    WHILE       shift, and go to state 40
    CASE        shift, and go to state 41
    NEW         shift, and go to state 42
    ISVOID      shift, and go to state 43
    STR_CONST   shift, and go to state 44
    INT_CONST   shift, and go to state 45
    BOOL_CONST  shift, and go to state 46
    OBJECTID    shift, and go to state 47
    NOT         shift, and go to state 48
    '~'         shift, and go to state 49
    '{'         shift, and go to state 50
    '('         shift, and go to state 51

    expression  go to state 123


State 113

   22 expression_list_2: expression_list_2 expression ';' .

    $default  reduce using rule 22 (expression_list_2)


State 114

   31 expression: expression '@' TYPEID '.' . OBJECTID '(' expression_list_1 ')'

    OBJECTID  shift, and go to state 124


State 115

   32 expression: expression '.' OBJECTID '(' . expression_list_1 ')'

    IF          shift, and go to state 38
    LET         shift, and go to state 39
    WHILE       shift, and go to state 40
    CASE        shift, and go to state 41
    NEW         shift, and go to state 42
    ISVOID      shift, and go to state 43
    STR_CONST   shift, and go to state 44
    INT_CONST   shift, and go to state 45
    BOOL_CONST  shift, and go to state 46
    OBJECTID    shift, and go to state 47
    NOT         shift, and go to state 48
    '~'         shift, and go to state 49
    '{'         shift, and go to state 50
    '('         shift, and go to state 51

    $default  reduce using rule 18 (expression_list_1)

    expression_list_1  go to state 125
    expression         go to state 88


State 116

    9 feature: OBJECTID '(' formal_list ')' ':' TYPEID '{' expression '}' . ';'

    ';'  shift, and go to state 126


State 117

   34 expression: IF expression THEN expression ELSE . expression FI

    IF          shift, and go to state 38
    LET         shift, and go to state 39
    WHILE       shift, and go to state 40
    CASE        shift, and go to state 41
    NEW         shift, and go to state 42
    ISVOID      shift, and go to state 43
    STR_CONST   shift, and go to state 44
    INT_CONST   shift, and go to state 45
    BOOL_CONST  shift, and go to state 46
    OBJECTID    shift, and go to state 47
    NOT         shift, and go to state 48
    '~'         shift, and go to state 49
    '{'         shift, and go to state 50
    '('         shift, and go to state 51

    expression  go to state 127


State 118

   24 let: OBJECTID ':' TYPEID optional_assign . IN expression
   25    | OBJECTID ':' TYPEID optional_assign . ',' let

    IN   shift, and go to state 128
    ','  shift, and go to state 129


State 119

   35 expression: WHILE expression LOOP expression POOL .

    $default  reduce using rule 35 (expression)


State 120

   27 case: OBJECTID ':' . TYPEID DARROW expression ';'

    TYPEID  shift, and go to state 130


State 121

   38 expression: CASE expression OF case_list ESAC .

    $default  reduce using rule 38 (expression)


State 122

   29 case_list: case_list case .

    $default  reduce using rule 29 (case_list)


State 123

   20 expression_list_1: expression_list_1 ',' expression .
   31 expression: expression . '@' TYPEID '.' OBJECTID '(' expression_list_1 ')'
   32           | expression . '.' OBJECTID '(' expression_list_1 ')'
   41           | expression . '+' expression
   42           | expression . '-' expression
   43           | expression . '*' expression
   44           | expression . '/' expression
   46           | expression . '<' expression
   47           | expression . LE expression
   48           | expression . '=' expression

    LE   shift, and go to state 71
    '='  shift, and go to state 72
    '<'  shift, and go to state 73
    '+'  shift, and go to state 74
    '-'  shift, and go to state 75
    '*'  shift, and go to state 76
    '/'  shift, and go to state 77
    '@'  shift, and go to state 78
    '.'  shift, and go to state 79

    $default  reduce using rule 20 (expression_list_1)


State 124

   31 expression: expression '@' TYPEID '.' OBJECTID . '(' expression_list_1 ')'

    '('  shift, and go to state 131


State 125

   20 expression_list_1: expression_list_1 . ',' expression
   32 expression: expression '.' OBJECTID '(' expression_list_1 . ')'

    ')'  shift, and go to state 132
    ','  shift, and go to state 112


State 126

    9 feature: OBJECTID '(' formal_list ')' ':' TYPEID '{' expression '}' ';' .

    $default  reduce using rule 9 (feature)


State 127

   31 expression: expression . '@' TYPEID '.' OBJECTID '(' expression_list_1 ')'
   32           | expression . '.' OBJECTID '(' expression_list_1 ')'
   34           | IF expression THEN expression ELSE expression . FI
   41           | expression . '+' expression
   42           | expression . '-' expression
   43           | expression . '*' expression
   44           | expression . '/' expression
   46           | expression . '<' expression
   47           | expression . LE expression
   48           | expression . '=' expression

    FI   shift, and go to state 133
    LE   shift, and go to state 71
    '='  shift, and go to state 72
    '<'  shift, and go to state 73
    '+'  shift, and go to state 74
    '-'  shift, and go to state 75
    '*'  shift, and go to state 76
    '/'  shift, and go to state 77
    '@'  shift, and go to state 78
    '.'  shift, and go to state 79


State 128

   24 let: OBJECTID ':' TYPEID optional_assign IN . expression

    IF          shift, and go to state 38
    LET         shift, and go to state 39
    WHILE       shift, and go to state 40
    CASE        shift, and go to state 41
    NEW         shift, and go to state 42
    ISVOID      shift, and go to state 43
    STR_CONST   shift, and go to state 44
    INT_CONST   shift, and go to state 45
    BOOL_CONST  shift, and go to state 46
    OBJECTID    shift, and go to state 47
    NOT         shift, and go to state 48
    '~'         shift, and go to state 49
    '{'         shift, and go to state 50
    '('         shift, and go to state 51

    expression  go to state 134


State 129

   25 let: OBJECTID ':' TYPEID optional_assign ',' . let

    error     shift, and go to state 56
    OBJECTID  shift, and go to state 57

    let  go to state 135


State 130

   27 case: OBJECTID ':' TYPEID . DARROW expression ';'

    DARROW  shift, and go to state 136


State 131

   31 expression: expression '@' TYPEID '.' OBJECTID '(' . expression_list_1 ')'

    IF          shift, and go to state 38
    LET         shift, and go to state 39
    WHILE       shift, and go to state 40
    CASE        shift, and go to state 41
    NEW         shift, and go to state 42
    ISVOID      shift, and go to state 43
    STR_CONST   shift, and go to state 44
    INT_CONST   shift, and go to state 45
    BOOL_CONST  shift, and go to state 46
    OBJECTID    shift, and go to state 47
    NOT         shift, and go to state 48
    '~'         shift, and go to state 49
    '{'         shift, and go to state 50
    '('         shift, and go to state 51

    $default  reduce using rule 18 (expression_list_1)

    expression_list_1  go to state 137
    expression         go to state 88


State 132

   32 expression: expression '.' OBJECTID '(' expression_list_1 ')' .

    $default  reduce using rule 32 (expression)


State 133

   34 expression: IF expression THEN expression ELSE expression FI .

    $default  reduce using rule 34 (expression)


State 134

   24 let: OBJECTID ':' TYPEID optional_assign IN expression .
   31 expression: expression . '@' TYPEID '.' OBJECTID '(' expression_list_1 ')'
   32           | expression . '.' OBJECTID '(' expression_list_1 ')'
   41           | expression . '+' expression
   42           | expression . '-' expression
   43           | expression . '*' expression
   44           | expression . '/' expression
   46           | expression . '<' expression
   47           | expression . LE expression
   48           | expression . '=' expression

    LE   shift, and go to state 71
    '='  shift, and go to state 72
    '<'  shift, and go to state 73
    '+'  shift, and go to state 74
    '-'  shift, and go to state 75
    '*'  shift, and go to state 76
    '/'  shift, and go to state 77
    '@'  shift, and go to state 78
    '.'  shift, and go to state 79

    LE        [reduce using rule 24 (let)]
    '='       [reduce using rule 24 (let)]
    '<'       [reduce using rule 24 (let)]
    '+'       [reduce using rule 24 (let)]
    '-'       [reduce using rule 24 (let)]
    '*'       [reduce using rule 24 (let)]
    '/'       [reduce using rule 24 (let)]
    '@'       [reduce using rule 24 (let)]
    '.'       [reduce using rule 24 (let)]
    $default  reduce using rule 24 (let)


State 135

   25 let: OBJECTID ':' TYPEID optional_assign ',' let .

    $default  reduce using rule 25 (let)


State 136

   27 case: OBJECTID ':' TYPEID DARROW . expression ';'

    IF          shift, and go to state 38
    LET         shift, and go to state 39
    WHILE       shift, and go to state 40
    CASE        shift, and go to state 41
    NEW         shift, and go to state 42
    ISVOID      shift, and go to state 43
    STR_CONST   shift, and go to state 44
    INT_CONST   shift, and go to state 45
    BOOL_CONST  shift, and go to state 46
    OBJECTID    shift, and go to state 47
    NOT         shift, and go to state 48
    '~'         shift, and go to state 49
    '{'         shift, and go to state 50
    '('         shift, and go to state 51

    expression  go to state 138


State 137

   20 expression_list_1: expression_list_1 . ',' expression
   31 expression: expression '@' TYPEID '.' OBJECTID '(' expression_list_1 . ')'

    ')'  shift, and go to state 139
    ','  shift, and go to state 112


State 138

   27 case: OBJECTID ':' TYPEID DARROW expression . ';'
   31 expression: expression . '@' TYPEID '.' OBJECTID '(' expression_list_1 ')'
   32           | expression . '.' OBJECTID '(' expression_list_1 ')'
   41           | expression . '+' expression
   42           | expression . '-' expression
   43           | expression . '*' expression
   44           | expression . '/' expression
   46           | expression . '<' expression
   47           | expression . LE expression
   48           | expression . '=' expression

    LE   shift, and go to state 71
    '='  shift, and go to state 72
    '<'  shift, and go to state 73
    '+'  shift, and go to state 74
    '-'  shift, and go to state 75
    '*'  shift, and go to state 76
    '/'  shift, and go to state 77
    ';'  shift, and go to state 140
    '@'  shift, and go to state 78
    '.'  shift, and go to state 79


State 139

   31 expression: expression '@' TYPEID '.' OBJECTID '(' expression_list_1 ')' .

    $default  reduce using rule 31 (expression)


State 140

   27 case: OBJECTID ':' TYPEID DARROW expression ';' .

    $default  reduce using rule 27 (case)
