#name "wq0607-c4.cool"
#3 STR_CONST "\\-"
#3 '-'
#3 STR_CONST "--"
#4 STR_CONST "\\"
#4 STR_CONST "\"--\""
#4 ERROR "\\"
#4 '-'
#4 ERROR "\\"
#4 STR_CONST ""
#4 ERROR "\\"
#4 STR_CONST "--\\"
#4 ERROR "\\"
#4 STR_CONST "\\"
#5 STR_CONST "\\"
#5 STR_CONST "\"--\""
#5 ERROR "\\"
#5 ERROR "\\"
#5 STR_CONST ""
#5 ERROR "\\"
#5 STR_CONST "--\\"
#5 ERROR "\\"
#5 STR_CONST "\\"
#5 STR_CONST "--"
#5 ERROR "\\"
#5 STR_CONST "\""
#5 ERROR "\\"
#6 ERROR "Unterminated string constant"
#6 STR_CONST "-\""
#6 ERROR "\\"
